<?xml version="1.0" encoding="UTF-8" standalone="yes"?><!DOCTYPE report PUBLIC "-//JACOCO//DTD Report 1.1//EN" "report.dtd"><report name="Assignment1"><sessioninfo id="albert-ge75-raider-10sgs-fdfa7ad" start="1667669194352" dump="1667669196062"/><sessioninfo id="albert-ge75-raider-10sgs-1d7cbcd1" start="1667669194366" dump="1667669247103"/><sessioninfo id="albert-ge75-raider-10sgs-f2aae573" start="1667679982965" dump="1667679984604"/><sessioninfo id="albert-ge75-raider-10sgs-a65df37d" start="1667679982967" dump="1667680036442"/><sessioninfo id="albert-ge75-raider-10sgs-ee90e54d" start="1667680049577" dump="1667680050130"/><sessioninfo id="albert-ge75-raider-10sgs-cd502888" start="1667680049561" dump="1667680051319"/><sessioninfo id="albert-ge75-raider-10sgs-cba8cdef" start="1667681892710" dump="1667681893294"/><sessioninfo id="albert-ge75-raider-10sgs-cef85acf" start="1667681892702" dump="1667681894560"/><sessioninfo id="albert-ge75-raider-10sgs-531ac5e6" start="1667681918352" dump="1667681919044"/><sessioninfo id="albert-ge75-raider-10sgs-1b6c22ad" start="1667681918316" dump="1667681920420"/><sessioninfo id="albert-ge75-raider-10sgs-6f84fcd1" start="1667682662903" dump="1667682663480"/><sessioninfo id="albert-ge75-raider-10sgs-335ac910" start="1667682662893" dump="1667682672986"/><sessioninfo id="albert-ge75-raider-10sgs-c4817b55" start="1667683085410" dump="1667683087104"/><sessioninfo id="albert-ge75-raider-10sgs-6f99a45f" start="1667683085410" dump="1667683087314"/><sessioninfo id="albert-ge75-raider-10sgs-b106d2cd" start="1667683096217" dump="1667683097915"/><sessioninfo id="albert-ge75-raider-10sgs-a8471969" start="1667683096221" dump="1667683098205"/><sessioninfo id="albert-ge75-raider-10sgs-e5925f59" start="1667683111619" dump="1667683112224"/><sessioninfo id="albert-ge75-raider-10sgs-a44533b4" start="1667683111596" dump="1667683113558"/><sessioninfo id="albert-ge75-raider-10sgs-47362f20" start="1667683123698" dump="1667683124351"/><sessioninfo id="albert-ge75-raider-10sgs-16bff83f" start="1667683123686" dump="1667683125691"/><sessioninfo id="albert-ge75-raider-10sgs-44f22346" start="1667683149836" dump="1667683151347"/><sessioninfo id="albert-ge75-raider-10sgs-9d5460a7" start="1667683149832" dump="1667683152105"/><sessioninfo id="albert-ge75-raider-10sgs-978e0a35" start="1667683239711" dump="1667683240302"/><sessioninfo id="albert-ge75-raider-10sgs-78d7fa0" start="1667683239676" dump="1667683241663"/><sessioninfo id="albert-ge75-raider-10sgs-625f2e1e" start="1667731586893" dump="1667731590055"/><sessioninfo id="albert-ge75-raider-10sgs-2229e4e3" start="1667731586892" dump="1667731590560"/><sessioninfo id="albert-ge75-raider-10sgs-a9a9af3b" start="1667731621979" dump="1667731623255"/><sessioninfo id="albert-ge75-raider-10sgs-46b32b69" start="1667731621973" dump="1667731625651"/><sessioninfo id="albert-ge75-raider-10sgs-fbbb47a8" start="1667731642208" dump="1667731643212"/><sessioninfo id="albert-ge75-raider-10sgs-84dbd092" start="1667731642194" dump="1667731645092"/><sessioninfo id="albert-ge75-raider-10sgs-cd12ee2d" start="1667731694164" dump="1667731695227"/><sessioninfo id="albert-ge75-raider-10sgs-8df317ad" start="1667731694160" dump="1667731706306"/><sessioninfo id="albert-ge75-raider-10sgs-f7945187" start="1668252348065" dump="1668252351384"/><sessioninfo id="albert-ge75-raider-10sgs-d3774ee4" start="1668252348066" dump="1668252351762"/><sessioninfo id="albert-ge75-raider-10sgs-6e0ead11" start="1668252366945" dump="1668252369251"/><sessioninfo id="albert-ge75-raider-10sgs-341149a2" start="1668252366945" dump="1668252370173"/><sessioninfo id="albert-ge75-raider-10sgs-1b1658b2" start="1668258705065" dump="1668258705646"/><sessioninfo id="albert-ge75-raider-10sgs-4006dd85" start="1668258705055" dump="1668258706603"/><sessioninfo id="albert-ge75-raider-10sgs-c9c90f14" start="1668258715406" dump="1668258715987"/><sessioninfo id="albert-ge75-raider-10sgs-1ddcb907" start="1668258715405" dump="1668258716933"/><sessioninfo id="albert-ge75-raider-10sgs-485ae6a4" start="1668258729645" dump="1668258730251"/><sessioninfo id="albert-ge75-raider-10sgs-11782ce0" start="1668258729645" dump="1668258731221"/><sessioninfo id="albert-ge75-raider-10sgs-6e8ae98a" start="1668258764996" dump="1668258765554"/><sessioninfo id="albert-ge75-raider-10sgs-3003cec7" start="1668258764979" dump="1668258766521"/><sessioninfo id="albert-ge75-raider-10sgs-cb686e93" start="1668258875743" dump="1668258876412"/><sessioninfo id="albert-ge75-raider-10sgs-70b855e9" start="1668258875720" dump="1668258877451"/><sessioninfo id="albert-ge75-raider-10sgs-99832660" start="1668258911773" dump="1668258913358"/><sessioninfo id="albert-ge75-raider-10sgs-8c57098a" start="1668258911777" dump="1668258947998"/><sessioninfo id="albert-ge75-raider-10sgs-21600b52" start="1668259215439" dump="1668259216003"/><sessioninfo id="albert-ge75-raider-10sgs-e4048f29" start="1668259215431" dump="1668259217004"/><sessioninfo id="albert-ge75-raider-10sgs-8a5a30a7" start="1668259225181" dump="1668259225766"/><sessioninfo id="albert-ge75-raider-10sgs-9948912f" start="1668259225176" dump="1668259226770"/><sessioninfo id="albert-ge75-raider-10sgs-5b27701b" start="1668259231813" dump="1668259232419"/><sessioninfo id="albert-ge75-raider-10sgs-a6e419ca" start="1668259231813" dump="1668259233426"/><sessioninfo id="albert-ge75-raider-10sgs-ae5633fc" start="1668259255621" dump="1668259256228"/><sessioninfo id="albert-ge75-raider-10sgs-e458ada7" start="1668259255605" dump="1668259257277"/><sessioninfo id="albert-ge75-raider-10sgs-d28a682a" start="1668261114941" dump="1668261115865"/><sessioninfo id="albert-ge75-raider-10sgs-98ae238a" start="1668261114941" dump="1668261123415"/><sessioninfo id="albert-ge75-raider-10sgs-f9d96a0" start="1668261174381" dump="1668261175969"/><sessioninfo id="albert-ge75-raider-10sgs-5866f74" start="1668261174381" dump="1668261182568"/><sessioninfo id="albert-ge75-raider-10sgs-16ba3008" start="1668262148941" dump="1668262149497"/><sessioninfo id="albert-ge75-raider-10sgs-b311bc77" start="1668262148940" dump="1668262186847"/><sessioninfo id="albert-ge75-raider-10sgs-93574114" start="1668262402896" dump="1668262403446"/><sessioninfo id="albert-ge75-raider-10sgs-df92d227" start="1668262402887" dump="1668262436245"/><package name="org/assignment1/scraper"><class name="org/assignment1/scraper/Scraper" sourcefilename="Scraper.java"><method name="&lt;init&gt;" desc="(Lorg/openqa/selenium/WebDriver;Lorg/openqa/selenium/support/ui/WebDriverWait;)V" line="29"><counter type="INSTRUCTION" missed="0" covered="14"/><counter type="LINE" missed="0" covered="5"/><counter type="COMPLEXITY" missed="0" covered="1"/><counter type="METHOD" missed="0" covered="1"/></method><method name="getEntries" desc="(ILjava/lang/String;I)Ljava/util/ArrayList;" line="37"><counter type="INSTRUCTION" missed="0" covered="223"/><counter type="BRANCH" missed="0" covered="6"/><counter type="LINE" missed="0" covered="36"/><counter type="COMPLEXITY" missed="0" covered="4"/><counter type="METHOD" missed="0" covered="1"/></method><method name="transformPrice" desc="(Ljava/lang/String;)Ljava/lang/String;" line="85"><counter type="INSTRUCTION" missed="0" covered="13"/><counter type="BRANCH" missed="0" covered="2"/><counter type="LINE" missed="0" covered="4"/><counter type="COMPLEXITY" missed="0" covered="2"/><counter type="METHOD" missed="0" covered="1"/></method><method name="getHtml" desc="(Ljava/lang/String;)Ljava/lang/String;" line="94"><counter type="INSTRUCTION" missed="30" covered="10"/><counter type="BRANCH" missed="2" covered="0"/><counter type="LINE" missed="7" covered="4"/><counter type="COMPLEXITY" missed="1" covered="1"/><counter type="METHOD" missed="0" covered="1"/></method><counter type="INSTRUCTION" missed="30" covered="260"/><counter type="BRANCH" missed="2" covered="8"/><counter type="LINE" missed="7" covered="49"/><counter type="COMPLEXITY" missed="1" covered="8"/><counter type="METHOD" missed="0" covered="4"/><counter type="CLASS" missed="0" covered="1"/></class><sourcefile name="Scraper.java"><line nr="29" mi="0" ci="2" mb="0" cb="0"/><line nr="30" mi="0" ci="3" mb="0" cb="0"/><line nr="31" mi="0" ci="3" mb="0" cb="0"/><line nr="32" mi="0" ci="5" mb="0" cb="0"/><line nr="33" mi="0" ci="1" mb="0" cb="0"/><line nr="37" mi="0" ci="4" mb="0" cb="0"/><line nr="38" mi="0" ci="2" mb="0" cb="0"/><line nr="39" mi="0" ci="7" mb="0" cb="0"/><line nr="41" mi="0" ci="6" mb="0" cb="0"/><line nr="42" mi="0" ci="8" mb="0" cb="0"/><line nr="43" mi="0" ci="6" mb="0" cb="0"/><line nr="44" mi="0" ci="2" mb="0" cb="0"/><line nr="45" mi="0" ci="10" mb="0" cb="0"/><line nr="47" mi="0" ci="4" mb="0" cb="0"/><line nr="48" mi="0" ci="9" mb="0" cb="2"/><line nr="49" mi="0" ci="17" mb="0" cb="0"/><line nr="50" mi="0" ci="17" mb="0" cb="0"/><line nr="51" mi="0" ci="16" mb="0" cb="0"/><line nr="52" mi="0" ci="15" mb="0" cb="0"/><line nr="53" mi="0" ci="6" mb="0" cb="0"/><line nr="55" mi="0" ci="2" mb="0" cb="0"/><line nr="56" mi="0" ci="12" mb="0" cb="2"/><line nr="57" mi="0" ci="4" mb="0" cb="2"/><line nr="58" mi="0" ci="6" mb="0" cb="0"/><line nr="59" mi="0" ci="2" mb="0" cb="0"/><line nr="60" mi="0" ci="1" mb="0" cb="0"/><line nr="62" mi="0" ci="1" mb="0" cb="0"/><line nr="64" mi="0" ci="7" mb="0" cb="0"/><line nr="65" mi="0" ci="4" mb="0" cb="0"/><line nr="67" mi="0" ci="8" mb="0" cb="0"/><line nr="68" mi="0" ci="4" mb="0" cb="0"/><line nr="69" mi="0" ci="3" mb="0" cb="0"/><line nr="70" mi="0" ci="4" mb="0" cb="0"/><line nr="72" mi="0" ci="14" mb="0" cb="0"/><line nr="73" mi="0" ci="6" mb="0" cb="0"/><line nr="74" mi="0" ci="6" mb="0" cb="0"/><line nr="76" mi="0" ci="1" mb="0" cb="0"/><line nr="77" mi="0" ci="2" mb="0" cb="0"/><line nr="78" mi="0" ci="1" mb="0" cb="0"/><line nr="79" mi="0" ci="3" mb="0" cb="0"/><line nr="81" mi="0" ci="3" mb="0" cb="0"/><line nr="85" mi="0" ci="5" mb="0" cb="0"/><line nr="86" mi="0" ci="4" mb="0" cb="2"/><line nr="87" mi="0" ci="2" mb="0" cb="0"/><line nr="90" mi="0" ci="2" mb="0" cb="0"/><line nr="94" mi="0" ci="4" mb="0" cb="0"/><line nr="96" mi="5" ci="0" mb="0" cb="0"/><line nr="97" mi="3" ci="0" mb="0" cb="0"/><line nr="100" mi="9" ci="0" mb="0" cb="0"/><line nr="102" mi="5" ci="0" mb="2" cb="0"/><line nr="103" mi="5" ci="0" mb="0" cb="0"/><line nr="105" mi="2" ci="0" mb="0" cb="0"/><line nr="106" mi="0" ci="1" mb="0" cb="0"/><line nr="107" mi="0" ci="2" mb="0" cb="0"/><line nr="108" mi="1" ci="0" mb="0" cb="0"/><line nr="109" mi="0" ci="3" mb="0" cb="0"/><counter type="INSTRUCTION" missed="30" covered="260"/><counter type="BRANCH" missed="2" covered="8"/><counter type="LINE" missed="7" covered="49"/><counter type="COMPLEXITY" missed="1" covered="8"/><counter type="METHOD" missed="0" covered="4"/><counter type="CLASS" missed="0" covered="1"/></sourcefile><counter type="INSTRUCTION" missed="30" covered="260"/><counter type="BRANCH" missed="2" covered="8"/><counter type="LINE" missed="7" covered="49"/><counter type="COMPLEXITY" missed="1" covered="8"/><counter type="METHOD" missed="0" covered="4"/><counter type="CLASS" missed="0" covered="1"/></package><package name="org/assignment1"><class name="org/assignment1/Main" sourcefilename="Main.java"><method name="&lt;init&gt;" desc="()V" line="13"><counter type="INSTRUCTION" missed="3" covered="0"/><counter type="LINE" missed="1" covered="0"/><counter type="COMPLEXITY" missed="1" covered="0"/><counter type="METHOD" missed="1" covered="0"/></method><method name="main" desc="([Ljava/lang/String;)V" line="15"><counter type="INSTRUCTION" missed="64" covered="0"/><counter type="BRANCH" missed="2" covered="0"/><counter type="LINE" missed="12" covered="0"/><counter type="COMPLEXITY" missed="2" covered="0"/><counter type="METHOD" missed="1" covered="0"/></method><counter type="INSTRUCTION" missed="67" covered="0"/><counter type="BRANCH" missed="2" covered="0"/><counter type="LINE" missed="13" covered="0"/><counter type="COMPLEXITY" missed="3" covered="0"/><counter type="METHOD" missed="2" covered="0"/><counter type="CLASS" missed="1" covered="0"/></class><sourcefile name="Main.java"><line nr="13" mi="3" ci="0" mb="0" cb="0"/><line nr="15" mi="4" ci="0" mb="0" cb="0"/><line nr="16" mi="3" ci="0" mb="0" cb="0"/><line nr="17" mi="4" ci="0" mb="0" cb="0"/><line nr="18" mi="7" ci="0" mb="0" cb="0"/><line nr="20" mi="6" ci="0" mb="0" cb="0"/><line nr="21" mi="7" ci="0" mb="0" cb="0"/><line nr="23" mi="6" ci="0" mb="0" cb="0"/><line nr="24" mi="10" ci="0" mb="2" cb="0"/><line nr="25" mi="4" ci="0" mb="0" cb="0"/><line nr="26" mi="1" ci="0" mb="0" cb="0"/><line nr="27" mi="11" ci="0" mb="0" cb="0"/><line nr="28" mi="1" ci="0" mb="0" cb="0"/><counter type="INSTRUCTION" missed="67" covered="0"/><counter type="BRANCH" missed="2" covered="0"/><counter type="LINE" missed="13" covered="0"/><counter type="COMPLEXITY" missed="3" covered="0"/><counter type="METHOD" missed="2" covered="0"/><counter type="CLASS" missed="1" covered="0"/></sourcefile><counter type="INSTRUCTION" missed="67" covered="0"/><counter type="BRANCH" missed="2" covered="0"/><counter type="LINE" missed="13" covered="0"/><counter type="COMPLEXITY" missed="3" covered="0"/><counter type="METHOD" missed="2" covered="0"/><counter type="CLASS" missed="1" covered="0"/></package><package name="org/assignment1/models"><class name="org/assignment1/models/Entry" sourcefilename="Entry.java"><method name="&lt;init&gt;" desc="(Ljava/lang/String;Ljava/lang/String;Ljava/lang/String;Ljava/lang/String;Ljava/lang/String;Ljava/lang/String;)V" line="11"><counter type="INSTRUCTION" missed="0" covered="21"/><counter type="LINE" missed="0" covered="8"/><counter type="COMPLEXITY" missed="0" covered="1"/><counter type="METHOD" missed="0" covered="1"/></method><method name="getType" desc="()Ljava/lang/String;" line="21"><counter type="INSTRUCTION" missed="0" covered="3"/><counter type="LINE" missed="0" covered="1"/><counter type="COMPLEXITY" missed="0" covered="1"/><counter type="METHOD" missed="0" covered="1"/></method><method name="getDescription" desc="()Ljava/lang/String;" line="25"><counter type="INSTRUCTION" missed="0" covered="3"/><counter type="LINE" missed="0" covered="1"/><counter type="COMPLEXITY" missed="0" covered="1"/><counter type="METHOD" missed="0" covered="1"/></method><method name="getImageUrl" desc="()Ljava/lang/String;" line="29"><counter type="INSTRUCTION" missed="0" covered="3"/><counter type="LINE" missed="0" covered="1"/><counter type="COMPLEXITY" missed="0" covered="1"/><counter type="METHOD" missed="0" covered="1"/></method><method name="getHeading" desc="()Ljava/lang/String;" line="33"><counter type="INSTRUCTION" missed="0" covered="3"/><counter type="LINE" missed="0" covered="1"/><counter type="COMPLEXITY" missed="0" covered="1"/><counter type="METHOD" missed="0" covered="1"/></method><method name="getPriceInCents" desc="()Ljava/lang/String;" line="37"><counter type="INSTRUCTION" missed="0" covered="3"/><counter type="LINE" missed="0" covered="1"/><counter type="COMPLEXITY" missed="0" covered="1"/><counter type="METHOD" missed="0" covered="1"/></method><method name="getUrl" desc="()Ljava/lang/String;" line="41"><counter type="INSTRUCTION" missed="0" covered="3"/><counter type="LINE" missed="0" covered="1"/><counter type="COMPLEXITY" missed="0" covered="1"/><counter type="METHOD" missed="0" covered="1"/></method><counter type="INSTRUCTION" missed="0" covered="39"/><counter type="LINE" missed="0" covered="14"/><counter type="COMPLEXITY" missed="0" covered="7"/><counter type="METHOD" missed="0" covered="7"/><counter type="CLASS" missed="0" covered="1"/></class><sourcefile name="Entry.java"><line nr="11" mi="0" ci="2" mb="0" cb="0"/><line nr="12" mi="0" ci="3" mb="0" cb="0"/><line nr="13" mi="0" ci="3" mb="0" cb="0"/><line nr="14" mi="0" ci="3" mb="0" cb="0"/><line nr="15" mi="0" ci="3" mb="0" cb="0"/><line nr="16" mi="0" ci="3" mb="0" cb="0"/><line nr="17" mi="0" ci="3" mb="0" cb="0"/><line nr="18" mi="0" ci="1" mb="0" cb="0"/><line nr="21" mi="0" ci="3" mb="0" cb="0"/><line nr="25" mi="0" ci="3" mb="0" cb="0"/><line nr="29" mi="0" ci="3" mb="0" cb="0"/><line nr="33" mi="0" ci="3" mb="0" cb="0"/><line nr="37" mi="0" ci="3" mb="0" cb="0"/><line nr="41" mi="0" ci="3" mb="0" cb="0"/><counter type="INSTRUCTION" missed="0" covered="39"/><counter type="LINE" missed="0" covered="14"/><counter type="COMPLEXITY" missed="0" covered="7"/><counter type="METHOD" missed="0" covered="7"/><counter type="CLASS" missed="0" covered="1"/></sourcefile><counter type="INSTRUCTION" missed="0" covered="39"/><counter type="LINE" missed="0" covered="14"/><counter type="COMPLEXITY" missed="0" covered="7"/><counter type="METHOD" missed="0" covered="7"/><counter type="CLASS" missed="0" covered="1"/></package><package name="org/assignment1/api"><class name="org/assignment1/api/HttpClient" sourcefilename="HttpClient.java"><method name="&lt;init&gt;" desc="(Lokhttp3/OkHttpClient;)V" line="11"><counter type="INSTRUCTION" missed="0" covered="9"/><counter type="LINE" missed="0" covered="4"/><counter type="COMPLEXITY" missed="0" covered="1"/><counter type="METHOD" missed="0" covered="1"/></method><method name="addAlert" desc="(Lorg/assignment1/models/Entry;)Z" line="19"><counter type="INSTRUCTION" missed="0" covered="72"/><counter type="BRANCH" missed="0" covered="2"/><counter type="LINE" missed="0" covered="20"/><counter type="COMPLEXITY" missed="0" covered="2"/><counter type="METHOD" missed="0" covered="1"/></method><method name="purgeAlerts" desc="()Z" line="47"><counter type="INSTRUCTION" missed="0" covered="27"/><counter type="BRANCH" missed="0" covered="2"/><counter type="LINE" missed="0" covered="9"/><counter type="COMPLEXITY" missed="0" covered="2"/><counter type="METHOD" missed="0" covered="1"/></method><counter type="INSTRUCTION" missed="0" covered="108"/><counter type="BRANCH" missed="0" covered="4"/><counter type="LINE" missed="0" covered="33"/><counter type="COMPLEXITY" missed="0" covered="5"/><counter type="METHOD" missed="0" covered="3"/><counter type="CLASS" missed="0" covered="1"/></class><sourcefile name="HttpClient.java"><line nr="11" mi="0" ci="3" mb="0" cb="0"/><line nr="14" mi="0" ci="2" mb="0" cb="0"/><line nr="15" mi="0" ci="3" mb="0" cb="0"/><line nr="16" mi="0" ci="1" mb="0" cb="0"/><line nr="19" mi="0" ci="4" mb="0" cb="0"/><line nr="20" mi="0" ci="6" mb="0" cb="0"/><line nr="21" mi="0" ci="4" mb="0" cb="0"/><line nr="22" mi="0" ci="4" mb="0" cb="0"/><line nr="23" mi="0" ci="4" mb="0" cb="0"/><line nr="24" mi="0" ci="4" mb="0" cb="0"/><line nr="25" mi="0" ci="3" mb="0" cb="0"/><line nr="26" mi="0" ci="4" mb="0" cb="0"/><line nr="28" mi="0" ci="6" mb="0" cb="0"/><line nr="30" mi="0" ci="4" mb="0" cb="0"/><line nr="31" mi="0" ci="3" mb="0" cb="0"/><line nr="32" mi="0" ci="2" mb="0" cb="0"/><line nr="33" mi="0" ci="1" mb="0" cb="0"/><line nr="34" mi="0" ci="2" mb="0" cb="0"/><line nr="37" mi="0" ci="5" mb="0" cb="0"/><line nr="38" mi="0" ci="3" mb="0" cb="0"/><line nr="39" mi="0" ci="8" mb="0" cb="2"/><line nr="40" mi="0" ci="1" mb="0" cb="0"/><line nr="41" mi="0" ci="2" mb="0" cb="0"/><line nr="42" mi="0" ci="2" mb="0" cb="0"/><line nr="47" mi="0" ci="4" mb="0" cb="0"/><line nr="48" mi="0" ci="1" mb="0" cb="0"/><line nr="49" mi="0" ci="1" mb="0" cb="0"/><line nr="50" mi="0" ci="2" mb="0" cb="0"/><line nr="53" mi="0" ci="6" mb="0" cb="0"/><line nr="54" mi="0" ci="8" mb="0" cb="2"/><line nr="55" mi="0" ci="1" mb="0" cb="0"/><line nr="56" mi="0" ci="2" mb="0" cb="0"/><line nr="57" mi="0" ci="2" mb="0" cb="0"/><counter type="INSTRUCTION" missed="0" covered="108"/><counter type="BRANCH" missed="0" covered="4"/><counter type="LINE" missed="0" covered="33"/><counter type="COMPLEXITY" missed="0" covered="5"/><counter type="METHOD" missed="0" covered="3"/><counter type="CLASS" missed="0" covered="1"/></sourcefile><counter type="INSTRUCTION" missed="0" covered="108"/><counter type="BRANCH" missed="0" covered="4"/><counter type="LINE" missed="0" covered="33"/><counter type="COMPLEXITY" missed="0" covered="5"/><counter type="METHOD" missed="0" covered="3"/><counter type="CLASS" missed="0" covered="1"/></package><counter type="INSTRUCTION" missed="97" covered="407"/><counter type="BRANCH" missed="4" covered="12"/><counter type="LINE" missed="20" covered="96"/><counter type="COMPLEXITY" missed="4" covered="20"/><counter type="METHOD" missed="2" covered="14"/><counter type="CLASS" missed="1" covered="3"/></report>