<?xml version="1.0" encoding="UTF-8"?>
<testsuite xmlns:xsi="http://www.w3.org/2001/XMLSchema-instance" xsi:noNamespaceSchemaLocation="https://maven.apache.org/surefire/maven-surefire-plugin/xsd/surefire-test-report.xsd" name="org.assignment1.unit.scraper.ScraperTests" time="0.201" tests="5" errors="0" skipped="0" failures="0">
  <properties>
[...]
</properties>
  <testcase name="testTransformPriceEmpty" classname="org.assignment1.unit.scraper.ScraperTests" time="0.068"/>
  <testcase name="testGetEntriesException" classname="org.assignment1.unit.scraper.ScraperTests" time="0.037"/>
  <testcase name="testGetEntriesSuccess" classname="org.assignment1.unit.scraper.ScraperTests" time="0.092"/>
  <testcase name="testTransformPriceLetters" classname="org.assignment1.unit.scraper.ScraperTests" time="0.001"/>
  <testcase name="testTransformPrice" classname="org.assignment1.unit.scraper.ScraperTests" time="0.001"/>
</testsuite>